# JRE version: Java(TM) SE Runtime Environment (8.0_151-b12) (build 1.8.0_151-b12)
# Java VM: Java HotSpot(TM) 64-Bit Server VM (25.151-b12 mixed mode windows-amd64 compressed oops)
Heap:
 PSYoungGen      total 271872K, used 11368K [0x00000000d5f00000, 0x00000000e7d80000, 0x0000000100000000)
  eden space 251392K, 0% used [0x00000000d5f00000,0x00000000d5f00000,0x00000000e5480000)
  from space 20480K, 55% used [0x00000000e6980000,0x00000000e749a070,0x00000000e7d80000)
  to   space 20992K, 0% used [0x00000000e5480000,0x00000000e5480000,0x00000000e6900000)
 ParOldGen       total 107008K, used 24682K [0x0000000081c00000, 0x0000000088480000, 0x00000000d5f00000)
  object space 107008K, 23% used [0x0000000081c00000,0x000000008341ab30,0x0000000088480000)
 Metaspace       used 44005K, capacity 46738K, committed 46976K, reserved 1089536K
  class space    used 6014K, capacity 6513K, committed 6528K, reserved 1048576K
GC Heap History (10 events):
Event: 2.865 GC heap after
Heap after GC invocations=8 (full 1):
 PSYoungGen      total 161280K, used 16372K [0x00000000d5f00000, 0x00000000e5980000, 0x0000000100000000)
  eden space 144896K, 0% used [0x00000000d5f00000,0x00000000d5f00000,0x00000000dec80000)
  from space 16384K, 99% used [0x00000000dec80000,0x00000000dfc7d2c0,0x00000000dfc80000)
  to   space 20480K, 0% used [0x00000000e4580000,0x00000000e4580000,0x00000000e5980000)
 ParOldGen       total 69120K, used 23305K [0x0000000081c00000, 0x0000000085f80000, 0x00000000d5f00000)
  object space 69120K, 33% used [0x0000000081c00000,0x00000000832c25f8,0x0000000085f80000)
 Metaspace       used 33552K, capacity 35426K, committed 35496K, reserved 1079296K
  class space    used 4557K, capacity 4956K, committed 4992K, reserved 1048576K
}
Event: 2.865 GC heap before
{Heap before GC invocations=9 (full 2):
 PSYoungGen      total 161280K, used 16372K [0x00000000d5f00000, 0x00000000e5980000, 0x0000000100000000)
  eden space 144896K, 0% used [0x00000000d5f00000,0x00000000d5f00000,0x00000000dec80000)
  from space 16384K, 99% used [0x00000000dec80000,0x00000000dfc7d2c0,0x00000000dfc80000)
  to   space 20480K, 0% used [0x00000000e4580000,0x00000000e4580000,0x00000000e5980000)
 ParOldGen       total 69120K, used 23305K [0x0000000081c00000, 0x0000000085f80000, 0x00000000d5f00000)
  object space 69120K, 33% used [0x0000000081c00000,0x00000000832c25f8,0x0000000085f80000)
 Metaspace       used 33552K, capacity 35426K, committed 35496K, reserved 1079296K
  class space    used 4557K, capacity 4956K, committed 4992K, reserved 1048576K
Event: 2.944 GC heap after
Heap after GC invocations=9 (full 2):
 PSYoungGen      total 161280K, used 0K [0x00000000d5f00000, 0x00000000e5980000, 0x0000000100000000)
  eden space 144896K, 0% used [0x00000000d5f00000,0x00000000d5f00000,0x00000000dec80000)
  from space 16384K, 0% used [0x00000000dec80000,0x00000000dec80000,0x00000000dfc80000)
  to   space 20480K, 0% used [0x00000000e4580000,0x00000000e4580000,0x00000000e5980000)
 ParOldGen       total 107008K, used 24658K [0x0000000081c00000, 0x0000000088480000, 0x00000000d5f00000)
  object space 107008K, 23% used [0x0000000081c00000,0x0000000083414b30,0x0000000088480000)
 Metaspace       used 33548K, capacity 35420K, committed 35496K, reserved 1079296K
  class space    used 4557K, capacity 4955K, committed 4992K, reserved 1048576K
}
Event: 3.520 GC heap before
{Heap before GC invocations=10 (full 2):
 PSYoungGen      total 161280K, used 144896K [0x00000000d5f00000, 0x00000000e5980000, 0x0000000100000000)
  eden space 144896K, 100% used [0x00000000d5f00000,0x00000000dec80000,0x00000000dec80000)
  from space 16384K, 0% used [0x00000000dec80000,0x00000000dec80000,0x00000000dfc80000)
  to   space 20480K, 0% used [0x00000000e4580000,0x00000000e4580000,0x00000000e5980000)
 ParOldGen       total 107008K, used 24658K [0x0000000081c00000, 0x0000000088480000, 0x00000000d5f00000)
  object space 107008K, 23% used [0x0000000081c00000,0x0000000083414b30,0x0000000088480000)
 Metaspace       used 36333K, capacity 38646K, committed 38784K, reserved 1083392K
  class space    used 4965K, capacity 5388K, committed 5504K, reserved 1048576K
Event: 3.529 GC heap after
Heap after GC invocations=10 (full 2):
 PSYoungGen      total 217600K, used 8432K [0x00000000d5f00000, 0x00000000e5000000, 0x0000000100000000)
  eden space 206848K, 0% used [0x00000000d5f00000,0x00000000d5f00000,0x00000000e2900000)
  from space 10752K, 78% used [0x00000000e4580000,0x00000000e4dbc3c8,0x00000000e5000000)
  to   space 19968K, 0% used [0x00000000e2900000,0x00000000e2900000,0x00000000e3c80000)
 ParOldGen       total 107008K, used 24666K [0x0000000081c00000, 0x0000000088480000, 0x00000000d5f00000)
  object space 107008K, 23% used [0x0000000081c00000,0x0000000083416b30,0x0000000088480000)
 Metaspace       used 36333K, capacity 38646K, committed 38784K, reserved 1083392K
  class space    used 4965K, capacity 5388K, committed 5504K, reserved 1048576K
}
Event: 975.229 GC heap before
{Heap before GC invocations=11 (full 2):
 PSYoungGen      total 217600K, used 215280K [0x00000000d5f00000, 0x00000000e5000000, 0x0000000100000000)
  eden space 206848K, 100% used [0x00000000d5f00000,0x00000000e2900000,0x00000000e2900000)
  from space 10752K, 78% used [0x00000000e4580000,0x00000000e4dbc3c8,0x00000000e5000000)
  to   space 19968K, 0% used [0x00000000e2900000,0x00000000e2900000,0x00000000e3c80000)
 ParOldGen       total 107008K, used 24666K [0x0000000081c00000, 0x0000000088480000, 0x00000000d5f00000)
  object space 107008K, 23% used [0x0000000081c00000,0x0000000083416b30,0x0000000088480000)
 Metaspace       used 43859K, capacity 46562K, committed 46720K, reserved 1089536K
  class space    used 5985K, capacity 6502K, committed 6528K, reserved 1048576K
Event: 975.294 GC heap after
Heap after GC invocations=11 (full 2):
 PSYoungGen      total 226816K, used 17787K [0x00000000d5f00000, 0x00000000e7e80000, 0x0000000100000000)
  eden space 206848K, 0% used [0x00000000d5f00000,0x00000000d5f00000,0x00000000e2900000)
  from space 19968K, 89% used [0x00000000e2900000,0x00000000e3a5ef48,0x00000000e3c80000)
  to   space 21504K, 0% used [0x00000000e6980000,0x00000000e6980000,0x00000000e7e80000)
 ParOldGen       total 107008K, used 24674K [0x0000000081c00000, 0x0000000088480000, 0x00000000d5f00000)
  object space 107008K, 23% used [0x0000000081c00000,0x0000000083418b30,0x0000000088480000)
 Metaspace       used 43859K, capacity 46562K, committed 46720K, reserved 1089536K
  class space    used 5985K, capacity 6502K, committed 6528K, reserved 1048576K
}
Event: 15251.404 GC heap before
{Heap before GC invocations=12 (full 2):
 PSYoungGen      total 226816K, used 222885K [0x00000000d5f00000, 0x00000000e7e80000, 0x0000000100000000)
  eden space 206848K, 99% used [0x00000000d5f00000,0x00000000e274a8a8,0x00000000e2900000)
  from space 19968K, 89% used [0x00000000e2900000,0x00000000e3a5ef48,0x00000000e3c80000)
  to   space 21504K, 0% used [0x00000000e6980000,0x00000000e6980000,0x00000000e7e80000)
 ParOldGen       total 107008K, used 24674K [0x0000000081c00000, 0x0000000088480000, 0x00000000d5f00000)
  object space 107008K, 23% used [0x0000000081c00000,0x0000000083418b30,0x0000000088480000)
 Metaspace       used 44005K, capacity 46738K, committed 46976K, reserved 1089536K
  class space    used 6014K, capacity 6513K, committed 6528K, reserved 1048576K
Event: 15251.422 GC heap after
Heap after GC invocations=12 (full 2):
 PSYoungGen      total 271872K, used 11368K [0x00000000d5f00000, 0x00000000e7d80000, 0x0000000100000000)
  eden space 251392K, 0% used [0x00000000d5f00000,0x00000000d5f00000,0x00000000e5480000)
  from space 20480K, 55% used [0x00000000e6980000,0x00000000e749a070,0x00000000e7d80000)
  to   space 20992K, 0% used [0x00000000e5480000,0x00000000e5480000,0x00000000e6900000)
 ParOldGen       total 107008K, used 24682K [0x0000000081c00000, 0x0000000088480000, 0x00000000d5f00000)
  object space 107008K, 23% used [0x0000000081c00000,0x000000008341ab30,0x0000000088480000)
 Metaspace       used 44005K, capacity 46738K, committed 46976K, reserved 1089536K
  class space    used 6014K, capacity 6513K, committed 6528K, reserved 1048576K
}
Event: 15251.422 GC heap before
{Heap before GC invocations=13 (full 3):
 PSYoungGen      total 271872K, used 11368K [0x00000000d5f00000, 0x00000000e7d80000, 0x0000000100000000)
  eden space 251392K, 0% used [0x00000000d5f00000,0x00000000d5f00000,0x00000000e5480000)
  from space 20480K, 55% used [0x00000000e6980000,0x00000000e749a070,0x00000000e7d80000)
  to   space 20992K, 0% used [0x00000000e5480000,0x00000000e5480000,0x00000000e6900000)
 ParOldGen       total 107008K, used 24682K [0x0000000081c00000, 0x0000000088480000, 0x00000000d5f00000)
  object space 107008K, 23% used [0x0000000081c00000,0x000000008341ab30,0x0000000088480000)
 Metaspace       used 44005K, capacity 46738K, committed 46976K, reserved 1089536K
  class space    used 6014K, capacity 6513K, committed 6528K, reserved 1048576K

